<?xml version="1.0" encoding="UTF-8"?>
<!-- Generated by org.testng.reporters.JUnitReportReporter -->
<testsuite hostname="LAPTOP-U5C5BR75" failures="0" tests="1" name="com.bdd.runner.TestRunner" time="5.051" errors="1" timestamp="2024-01-16T15:32:48 IST" skipped="0">
  <testcase classname="com.bdd.runner.TestRunner" name="runScenario" time="5.051">
    <error message="Unresolved compilation problems: 
	FileUtils cannot be resolved
	FileUtils cannot be resolved
	IOUtils cannot be resolved
" type="java.lang.Error">
      <![CDATA[java.lang.Error: Unresolved compilation problems: 
FileUtils cannot be resolved
FileUtils cannot be resolved
IOUtils cannot be resolved

at com.bdd.hooks.GlobalHooks.afterScenario(GlobalHooks.java:87)
]]>
    </error>
  </testcase> <!-- runScenario -->
  <system-out/>
</testsuite> <!-- com.bdd.runner.TestRunner -->
